<?xml version="1.0" encoding="UTF-8"?>
<testsuite xmlns:xsi="http://www.w3.org/2001/XMLSchema-instance" xsi:noNamespaceSchemaLocation="https://maven.apache.org/surefire/maven-surefire-plugin/xsd/surefire-test-report.xsd" name="com.wongnai.interview.movie.search.DatabaseMovieSearchServiceIntegrationTest" time="6.089" tests="5" errors="0" skipped="0" failures="4">
  <properties>
[...]
</properties>
  <testcase name="testFindSingleKeywordContainInTitleWithCaseInsensitive" classname="com.wongnai.interview.movie.search.DatabaseMovieSearchServiceIntegrationTest" time="0.17">
    <failure message="&#10;Expected: &lt;7&gt;&#10;     but: was &lt;14&gt;" type="java.lang.AssertionError"><![CDATA[java.lang.AssertionError: 

Expected: <7>
     but: was <14>
	at com.wongnai.interview.movie.search.DatabaseMovieSearchServiceIntegrationTest.assertGloriousMovieKeyword(DatabaseMovieSearchServiceIntegrationTest.java:30)
	at com.wongnai.interview.movie.search.DatabaseMovieSearchServiceIntegrationTest.testFindSingleKeywordContainInTitleWithCaseInsensitive(DatabaseMovieSearchServiceIntegrationTest.java:67)
]]></failure>
    <system-out><![CDATA[2019-04-11 23:42:34.989  INFO 57869 --- [           main] .b.t.c.SpringBootTestContextBootstrapper : Neither @ContextConfiguration nor @ContextHierarchy found for test class [com.wongnai.interview.movie.search.DatabaseMovieSearchServiceIntegrationTest], using SpringBootContextLoader
2019-04-11 23:42:34.990  INFO 57869 --- [           main] o.s.t.c.support.AbstractContextLoader    : Could not detect default resource locations for test class [com.wongnai.interview.movie.search.DatabaseMovieSearchServiceIntegrationTest]: no resource found for suffixes {-context.xml, Context.groovy}.
2019-04-11 23:42:34.991  INFO 57869 --- [           main] t.c.s.AnnotationConfigContextLoaderUtils : Could not detect default configuration classes for test class [com.wongnai.interview.movie.search.DatabaseMovieSearchServiceIntegrationTest]: DatabaseMovieSearchServiceIntegrationTest does not declare any static, non-private, non-final, nested classes annotated with @Configuration.
2019-04-11 23:42:35.046  INFO 57869 --- [           main] .b.t.c.SpringBootTestContextBootstrapper : Found @SpringBootConfiguration com.wongnai.interview.Application for test class com.wongnai.interview.movie.search.DatabaseMovieSearchServiceIntegrationTest
2019-04-11 23:42:35.048  INFO 57869 --- [           main] .b.t.c.SpringBootTestContextBootstrapper : Loaded default TestExecutionListener class names from location [META-INF/spring.factories]: [org.springframework.boot.test.mock.mockito.MockitoTestExecutionListener, org.springframework.boot.test.mock.mockito.ResetMocksTestExecutionListener, org.springframework.boot.test.autoconfigure.restdocs.RestDocsTestExecutionListener, org.springframework.boot.test.autoconfigure.web.client.MockRestServiceServerResetTestExecutionListener, org.springframework.boot.test.autoconfigure.web.servlet.MockMvcPrintOnlyOnFailureTestExecutionListener, org.springframework.boot.test.autoconfigure.web.servlet.WebDriverTestExecutionListener, org.springframework.test.context.web.ServletTestExecutionListener, org.springframework.test.context.support.DirtiesContextBeforeModesTestExecutionListener, org.springframework.test.context.support.DependencyInjectionTestExecutionListener, org.springframework.test.context.support.DirtiesContextTestExecutionListener, org.springframework.test.context.transaction.TransactionalTestExecutionListener, org.springframework.test.context.jdbc.SqlScriptsTestExecutionListener]
2019-04-11 23:42:35.053  INFO 57869 --- [           main] .b.t.c.SpringBootTestContextBootstrapper : Using TestExecutionListeners: [org.springframework.test.context.web.ServletTestExecutionListener@11bb59ab, org.springframework.test.context.support.DirtiesContextBeforeModesTestExecutionListener@15d6e0de, org.springframework.boot.test.mock.mockito.MockitoTestExecutionListener@17f6b405, org.springframework.boot.test.autoconfigure.SpringBootDependencyInjectionTestExecutionListener@678397a4, org.springframework.test.context.support.DirtiesContextTestExecutionListener@2c3efcfe, org.springframework.test.context.transaction.TransactionalTestExecutionListener@e4c39b7, org.springframework.test.context.jdbc.SqlScriptsTestExecutionListener@2c38e2e7, org.springframework.boot.test.mock.mockito.ResetMocksTestExecutionListener@57fd7e73, org.springframework.boot.test.autoconfigure.restdocs.RestDocsTestExecutionListener@cffa17e, org.springframework.boot.test.autoconfigure.web.client.MockRestServiceServerResetTestExecutionListener@6391b0d7, org.springframework.boot.test.autoconfigure.web.servlet.MockMvcPrintOnlyOnFailureTestExecutionListener@8d54998, org.springframework.boot.test.autoconfigure.web.servlet.WebDriverTestExecutionListener@3467a017]

  .   ____          _            __ _ _
 /\\ / ___'_ __ _ _(_)_ __  __ _ \ \ \ \
( ( )\___ | '_ | '_| | '_ \/ _` | \ \ \ \
 \\/  ___)| |_)| | | | | || (_| |  ) ) ) )
  '  |____| .__|_| |_|_| |_\__, | / / / /
 =========|_|==============|___/=/_/_/_/
 :: Spring Boot ::        (v2.1.3.RELEASE)

2019-04-11 23:42:35.095  INFO 57869 --- [           main] atabaseMovieSearchServiceIntegrationTest : Starting DatabaseMovieSearchServiceIntegrationTest on 192.168.2.35 with PID 57869 (started by tanakorn.ara in /Users/tanakorn.ara/Downloads/java-homework)
2019-04-11 23:42:35.097  INFO 57869 --- [           main] atabaseMovieSearchServiceIntegrationTest : No active profile set, falling back to default profiles: default
2019-04-11 23:42:35.315  INFO 57869 --- [           main] .s.d.r.c.RepositoryConfigurationDelegate : Bootstrapping Spring Data repositories in DEFAULT mode.
2019-04-11 23:42:35.325  INFO 57869 --- [           main] .s.d.r.c.RepositoryConfigurationDelegate : Finished Spring Data repository scanning in 10ms. Found 1 repository interfaces.
2019-04-11 23:42:35.457  INFO 57869 --- [           main] trationDelegate$BeanPostProcessorChecker : Bean 'org.springframework.transaction.annotation.ProxyTransactionManagementConfiguration' of type [org.springframework.transaction.annotation.ProxyTransactionManagementConfiguration$$EnhancerBySpringCGLIB$$ca4d62c0] is not eligible for getting processed by all BeanPostProcessors (for example: not eligible for auto-proxying)
2019-04-11 23:42:35.578  INFO 57869 --- [           main] com.zaxxer.hikari.HikariDataSource       : HikariPool-2 - Starting...
2019-04-11 23:42:35.579  WARN 57869 --- [           main] com.zaxxer.hikari.util.DriverDataSource  : Registered driver with driverClassName=org.hsqldb.jdbcDriver was not found, trying direct instantiation.
2019-04-11 23:42:35.580  INFO 57869 --- [           main] com.zaxxer.hikari.pool.PoolBase          : HikariPool-2 - Driver does not support get/set network timeout for connections. (feature not supported)
2019-04-11 23:42:35.582  INFO 57869 --- [           main] com.zaxxer.hikari.HikariDataSource       : HikariPool-2 - Start completed.
2019-04-11 23:42:35.611  INFO 57869 --- [           main] o.hibernate.jpa.internal.util.LogHelper  : HHH000204: Processing PersistenceUnitInfo [
	name: default
	...]
2019-04-11 23:42:35.624  INFO 57869 --- [           main] org.hibernate.dialect.Dialect            : HHH000400: Using dialect: org.hibernate.dialect.HSQLDialect
2019-04-11 23:42:35.697  INFO 57869 --- [           main] j.LocalContainerEntityManagerFactoryBean : Initialized JPA EntityManagerFactory for persistence unit 'default'
2019-04-11 23:42:35.804  INFO 57869 --- [           main] o.h.h.i.QueryTranslatorFactoryInitiator  : HHH000397: Using ASTQueryTranslatorFactory
2019-04-11 23:42:40.113  INFO 57869 --- [           main] o.s.s.concurrent.ThreadPoolTaskExecutor  : Initializing ExecutorService 'applicationTaskExecutor'
2019-04-11 23:42:40.125  WARN 57869 --- [           main] aWebConfiguration$JpaWebMvcConfiguration : spring.jpa.open-in-view is enabled by default. Therefore, database queries may be performed during view rendering. Explicitly configure spring.jpa.open-in-view to disable this warning
2019-04-11 23:42:40.389  INFO 57869 --- [           main] atabaseMovieSearchServiceIntegrationTest : Started DatabaseMovieSearchServiceIntegrationTest in 5.33 seconds (JVM running for 19.266)
]]></system-out>
  </testcase>
  <testcase name="testPartialWordMustMatchMovies" classname="com.wongnai.interview.movie.search.DatabaseMovieSearchServiceIntegrationTest" time="0.128">
    <failure message="&#10;Expected: &lt;7&gt;&#10;     but: was &lt;14&gt;" type="java.lang.AssertionError"><![CDATA[java.lang.AssertionError: 

Expected: <7>
     but: was <14>
	at com.wongnai.interview.movie.search.DatabaseMovieSearchServiceIntegrationTest.assertGloriousMovieKeyword(DatabaseMovieSearchServiceIntegrationTest.java:30)
	at com.wongnai.interview.movie.search.DatabaseMovieSearchServiceIntegrationTest.testPartialWordMustMatchMovies(DatabaseMovieSearchServiceIntegrationTest.java:45)
]]></failure>
  </testcase>
  <testcase name="testNotFoundMovie" classname="com.wongnai.interview.movie.search.DatabaseMovieSearchServiceIntegrationTest" time="0.13"/>
  <testcase name="testFindSingleKeywordContainInTitle" classname="com.wongnai.interview.movie.search.DatabaseMovieSearchServiceIntegrationTest" time="0.127">
    <failure message="&#10;Expected: &lt;7&gt;&#10;     but: was &lt;14&gt;" type="java.lang.AssertionError"><![CDATA[java.lang.AssertionError: 

Expected: <7>
     but: was <14>
	at com.wongnai.interview.movie.search.DatabaseMovieSearchServiceIntegrationTest.assertGloriousMovieKeyword(DatabaseMovieSearchServiceIntegrationTest.java:30)
	at com.wongnai.interview.movie.search.DatabaseMovieSearchServiceIntegrationTest.testFindSingleKeywordContainInTitle(DatabaseMovieSearchServiceIntegrationTest.java:26)
]]></failure>
  </testcase>
  <testcase name="testFullMovieNameMustMatchMovie" classname="com.wongnai.interview.movie.search.DatabaseMovieSearchServiceIntegrationTest" time="0.15">
    <failure message="&#10;Expected: &lt;1&gt;&#10;     but: was &lt;2&gt;" type="java.lang.AssertionError"><![CDATA[java.lang.AssertionError: 

Expected: <1>
     but: was <2>
	at com.wongnai.interview.movie.search.DatabaseMovieSearchServiceIntegrationTest.testFullMovieNameMustMatchMovie(DatabaseMovieSearchServiceIntegrationTest.java:52)
]]></failure>
  </testcase>
</testsuite>